# JRE version: OpenJDK Runtime Environment Temurin-21.0.3+9 (21.0.3+9) (build 21.0.3+9-LTS)
# Java VM: OpenJDK 64-Bit Server VM Temurin-21.0.3+9 (21.0.3+9-LTS, mixed mode, tiered, compressed oops, compressed class ptrs, g1 gc, windows-amd64)
GC Precious Log:
 CardTable entry size: 512
 Card Set container configuration: InlinePtr #cards 5 size 8 Array Of Cards #cards 12 size 40 Howl #buckets 4 coarsen threshold 1843 Howl Bitmap #cards 512 size 80 coarsen threshold 460 Card regions per heap region 1 cards per card region 2048
 CPUs: 4 total, 4 available
 Memory: 3986M
 Large Page Support: Disabled
 NUMA Support: Disabled
 Compressed Oops: Enabled (32-bit)
 Heap Region Size: 1M
 Heap Min Capacity: 8M
 Heap Initial Capacity: 64M
 Heap Max Capacity: 998M
 Pre-touch: Disabled
 Parallel Workers: 4
 Concurrent Workers: 1
 Concurrent Refinement Workers: 4
 Periodic GC: Disabled
Heap:
 garbage-first heap   total 34816K, used 16493K [0x00000000c1a00000, 0x0000000100000000)
  region size 1024K, 11 young (11264K), 3 survivors (3072K)
 Metaspace       used 27189K, committed 27712K, reserved 1114112K
  class space    used 2960K, committed 3200K, reserved 1048576K
GC Heap History (8 events):
Event: 1.155 GC heap before
{Heap before GC invocations=0 (full 0):
 garbage-first heap   total 65536K, used 12288K [0x00000000c1a00000, 0x0000000100000000)
  region size 1024K, 13 young (13312K), 0 survivors (0K)
 Metaspace       used 12884K, committed 13056K, reserved 1114112K
  class space    used 1180K, committed 1280K, reserved 1048576K
}
Event: 1.162 GC heap after
{Heap after GC invocations=1 (full 0):
 garbage-first heap   total 65536K, used 5020K [0x00000000c1a00000, 0x0000000100000000)
  region size 1024K, 2 young (2048K), 2 survivors (2048K)
 Metaspace       used 12884K, committed 13056K, reserved 1114112K
  class space    used 1180K, committed 1280K, reserved 1048576K
}
Event: 1.752 GC heap before
{Heap before GC invocations=1 (full 0):
 garbage-first heap   total 65536K, used 17308K [0x00000000c1a00000, 0x0000000100000000)
  region size 1024K, 14 young (14336K), 2 survivors (2048K)
 Metaspace       used 17709K, committed 17984K, reserved 1114112K
  class space    used 1788K, committed 1920K, reserved 1048576K
}
Event: 1.760 GC heap after
{Heap after GC invocations=2 (full 0):
 garbage-first heap   total 65536K, used 6393K [0x00000000c1a00000, 0x0000000100000000)
  region size 1024K, 2 young (2048K), 2 survivors (2048K)
 Metaspace       used 17709K, committed 17984K, reserved 1114112K
  class space    used 1788K, committed 1920K, reserved 1048576K
}
Event: 3.036 GC heap before
{Heap before GC invocations=2 (full 0):
 garbage-first heap   total 65536K, used 13561K [0x00000000c1a00000, 0x0000000100000000)
  region size 1024K, 10 young (10240K), 2 survivors (2048K)
 Metaspace       used 21081K, committed 21504K, reserved 1114112K
  class space    used 2201K, committed 2432K, reserved 1048576K
}
Event: 3.040 GC heap after
{Heap after GC invocations=3 (full 0):
 garbage-first heap   total 65536K, used 7431K [0x00000000c1a00000, 0x0000000100000000)
  region size 1024K, 3 young (3072K), 3 survivors (3072K)
 Metaspace       used 21081K, committed 21504K, reserved 1114112K
  class space    used 2201K, committed 2432K, reserved 1048576K
}
Event: 4.900 GC heap before
{Heap before GC invocations=4 (full 0):
 garbage-first heap   total 34816K, used 23815K [0x00000000c1a00000, 0x0000000100000000)
  region size 1024K, 20 young (20480K), 3 survivors (3072K)
 Metaspace       used 25661K, committed 26112K, reserved 1114112K
  class space    used 2784K, committed 3008K, reserved 1048576K
}
Event: 4.910 GC heap after
{Heap after GC invocations=5 (full 0):
 garbage-first heap   total 34816K, used 9325K [0x00000000c1a00000, 0x0000000100000000)
  region size 1024K, 3 young (3072K), 3 survivors (3072K)
 Metaspace       used 25661K, committed 26112K, reserved 1114112K
  class space    used 2784K, committed 3008K, reserved 1048576K
}

