<?xml version="1.0" encoding="UTF-8"?>
<!-- Generated by org.testng.reporters.JUnitXMLReporter -->
<testsuite ignored="0" hostname="DESKTOP-OTQAVLD" failures="0" tests="7" name="Default test" time="361.361" errors="0" timestamp="2024-08-28T17:30:09 IST">
  <testcase classname="Test_package.page_test" name="home_page_test" time="14.749"/>
  <testcase classname="Test_package.page_test" name="module_element_page_test" time="127.611"/>
  <testcase classname="Test_package.page_test" name="module_forms_page_test" time="16.836"/>
  <testcase classname="Test_package.page_test" name="module_Alerts_frames_window_page_test" time="37.011"/>
  <testcase classname="Test_package.page_test" name="module_widget_page_test" time="39.756"/>
  <testcase classname="Test_package.page_test" name="module_INTERACTION_page_test" time="7.726"/>
  <testcase classname="Test_package.page_test" name="MODULE_Book_Store_Application" time="32.321"/>
</testsuite> <!-- Default test -->
